<?xml version="1.0" encoding="UTF-8"?>
<!-- Generated by org.testng.reporters.JUnitReportReporter -->
<testsuite hostname="WKWIN1815803" failures="0" tests="10" name="Day06.Program01" time="0.013" errors="0" timestamp="2023-02-24T09:25:45 IST" skipped="0">
  <testcase classname="Day06.Program01" name="testCase01" time="0.001"/>
  <system-out/>
  <testcase classname="Day06.Program01" name="testCase01" time="0.000"/>
  <system-out/>
  <testcase classname="Day06.Program01" name="testCase01" time="0.001"/>
  <system-out/>
  <testcase classname="Day06.Program01" name="testCase01" time="0.001"/>
  <system-out/>
  <testcase classname="Day06.Program01" name="testCase01" time="0.006"/>
  <system-out/>
  <testcase classname="Day06.Program01" name="testCase01" time="0.001"/>
  <system-out/>
  <testcase classname="Day06.Program01" name="testCase01" time="0.001"/>
  <system-out/>
  <testcase classname="Day06.Program01" name="testCase01" time="0.001"/>
  <system-out/>
  <testcase classname="Day06.Program01" name="testCase01" time="0.001"/>
  <system-out/>
  <testcase classname="Day06.Program01" name="testCase01" time="0.000"/>
  <system-out/>
</testsuite> <!-- Day06.Program01 -->
