<?xml version="1.0" encoding="UTF-8"?>
<!-- Generated by org.testng.reporters.JUnitReportReporter -->
<testsuite hostname="WKWIN1815803" failures="0" tests="4" name="Day05.Program03" time="0.009" errors="0" timestamp="2023-02-23T09:36:17 IST" skipped="1">
  <testcase classname="Day05.Program03" name="testCase04" time="0.006"/>
  <system-out/>
  <testcase classname="Day05.Program03" name="testCase01" time="0.001"/>
  <system-out/>
  <testcase classname="Day05.Program03" name="testCase02" time="0.002"/>
  <system-out/>
  <testcase classname="Day05.Program03" name="testCase03">
    <skipped/>
  </testcase> <!-- testCase03 -->
  <system-out/>
</testsuite> <!-- Day05.Program03 -->
