<?xml version="1.0" encoding="UTF-8"?>
<!-- Generated by org.testng.reporters.JUnitReportReporter -->
<testsuite hostname="WKWIN1815803" failures="0" tests="4" name="Day05.Program01" time="0.012" errors="0" timestamp="2023-02-23T09:33:10 IST" skipped="0">
  <testcase classname="Day05.Program01" name="testCase03" time="0.002"/>
  <system-out/>
  <testcase classname="Day05.Program01" name="testCase02" time="0.001"/>
  <system-out/>
  <testcase classname="Day05.Program01" name="testCase01" time="0.008"/>
  <system-out/>
  <testcase classname="Day05.Program01" name="testCase04" time="0.001"/>
  <system-out/>
</testsuite> <!-- Day05.Program01 -->
