<?xml version="1.0" encoding="UTF-8"?>
<!-- Generated by org.testng.reporters.JUnitReportReporter -->
<testsuite hostname="WKWIN1815803" failures="0" tests="1" name="Day09.Project01" time="8.861" errors="0" timestamp="2023-03-05T18:51:48 IST" skipped="0">
  <testcase classname="Day09.Project01" name="testCase01" time="8.861"/>
  <system-out/>
</testsuite> <!-- Day09.Project01 -->
