<?xml version="1.0" encoding="UTF-8"?>
<!-- Generated by org.testng.reporters.JUnitReportReporter -->
<testsuite hostname="WKWIN1815803" failures="0" tests="2" name="Day05.Program04" time="0.005" errors="0" timestamp="2023-02-23T09:57:01 IST" skipped="0">
  <testcase classname="Day05.Program04" name="testCase04" time="0.000"/>
  <system-out/>
  <testcase classname="Day05.Program04" name="testCase02" time="0.005"/>
  <system-out/>
</testsuite> <!-- Day05.Program04 -->
