<?xml version="1.0" encoding="UTF-8"?>
<!-- Generated by org.testng.reporters.JUnitReportReporter -->
<testsuite hostname="WKWIN1815803" failures="0" tests="3" name="Day06.Program02" time="0.007" errors="0" timestamp="2023-02-24T09:29:38 IST" skipped="0">
  <testcase classname="Day06.Program02" name="testCase01" time="0.005"/>
  <system-out/>
  <testcase classname="Day06.Program02" name="testCase03" time="0.001"/>
  <system-out/>
  <testcase classname="Day06.Program02" name="testCase041" time="0.001"/>
  <system-out/>
</testsuite> <!-- Day06.Program02 -->
